app/build/outputs/logs/manifest-merger-debug-report.txt
-- Merging decision tree log ---
manifest
ADDED from src/main/AndroidManifest.xml:2:1-101:12
	xmlns:android
		ADDED from src/main/AndroidManifest.xml:2:11-69
	package
		ADDED from src/main/AndroidManifest.xml:3:5-31
		INJECTED from src/main/AndroidManifest.xml
		INJECTED from src/main/AndroidManifest.xml
	android:versionName
		INJECTED from src/main/AndroidManifest.xml
		INJECTED from src/main/AndroidManifest.xml
	android:versionCode
		INJECTED from src/main/AndroidManifest.xml
		INJECTED from src/main/AndroidManifest.xml
uses-permission#android.permission.BLUETOOTH
ADDED from src/main/AndroidManifest.xml:5:5-68
	android:name
		ADDED from src/main/AndroidManifest.xml:5:22-65
uses-permission#android.permission.BLUETOOTH_ADMIN
ADDED from src/main/AndroidManifest.xml:6:5-74
	android:name
		ADDED from src/main/AndroidManifest.xml:6:22-71
uses-permission#android.permission.INTERNET
ADDED from src/main/AndroidManifest.xml:7:5-66
MERGED from [io.particle:cloudsdk:0.3.4] AndroidManifest.xml:11:5-67
MERGED from [io.particle:devicesetup:0.3.4] AndroidManifest.xml:11:5-67
MERGED from [io.particle:cloudsdk:0.3.4] AndroidManifest.xml:11:5-67
	android:name
		ADDED from src/main/AndroidManifest.xml:7:22-64
application
ADDED from src/main/AndroidManifest.xml:9:5-99:19
MERGED from [com.android.support:appcompat-v7:23.1.1] AndroidManifest.xml:22:5-20
MERGED from [com.android.support:support-v4:23.1.1] AndroidManifest.xml:22:5-20
MERGED from [com.android.support:design:23.1.1] AndroidManifest.xml:22:5-20
MERGED from [com.android.support:appcompat-v7:23.1.1] AndroidManifest.xml:22:5-20
MERGED from [com.android.support:support-v4:23.1.1] AndroidManifest.xml:22:5-20
MERGED from [com.android.support:support-v4:23.1.1] AndroidManifest.xml:22:5-20
MERGED from [com.android.support:support-v4:23.1.1] AndroidManifest.xml:22:5-20
MERGED from [com.android.support:support-v4:23.1.1] AndroidManifest.xml:22:5-20
MERGED from [uk.co.chrisjenx:calligraphy:2.1.0] AndroidManifest.xml:11:5-20
MERGED from [com.android.support:appcompat-v7:23.1.1] AndroidManifest.xml:22:5-20
MERGED from [com.android.support:support-v4:23.1.1] AndroidManifest.xml:22:5-20
MERGED from [com.android.support:appcompat-v7:23.1.1] AndroidManifest.xml:22:5-20
MERGED from [com.android.support:support-v4:23.1.1] AndroidManifest.xml:22:5-20
MERGED from [com.android.support:support-v4:23.1.1] AndroidManifest.xml:22:5-20
MERGED from [com.android.support:support-v4:23.1.1] AndroidManifest.xml:22:5-20
MERGED from [com.android.support:support-v4:23.1.1] AndroidManifest.xml:22:5-20
	android:supportsRtl
		ADDED from src/main/AndroidManifest.xml:13:9-35
	android:label
		ADDED from src/main/AndroidManifest.xml:12:9-41
	android:allowBackup
		ADDED from src/main/AndroidManifest.xml:10:9-35
	android:icon
		ADDED from src/main/AndroidManifest.xml:11:9-43
	android:theme
		ADDED from src/main/AndroidManifest.xml:14:9-40
activity#gateway.BLESelection
ADDED from src/main/AndroidManifest.xml:15:9-24:20
	android:label
		ADDED from src/main/AndroidManifest.xml:17:13-45
	android:theme
		ADDED from src/main/AndroidManifest.xml:18:13-56
	android:name
		ADDED from src/main/AndroidManifest.xml:16:13-48
intent-filter#android.intent.action.MAIN+android.intent.category.LAUNCHER
ADDED from src/main/AndroidManifest.xml:19:13-23:29
action#android.intent.action.MAIN
ADDED from src/main/AndroidManifest.xml:20:17-69
	android:name
		ADDED from src/main/AndroidManifest.xml:20:25-66
category#android.intent.category.LAUNCHER
ADDED from src/main/AndroidManifest.xml:22:17-77
	android:name
		ADDED from src/main/AndroidManifest.xml:22:27-74
activity#gateway.ParticleLoginDisplay
ADDED from src/main/AndroidManifest.xml:25:9-27:60
	android:label
		ADDED from src/main/AndroidManifest.xml:27:13-57
	android:name
		ADDED from src/main/AndroidManifest.xml:26:13-56
activity#io.particle.android.sdk.devicesetup.ui.DiscoverDeviceActivity
ADDED from src/main/AndroidManifest.xml:30:9-35:57
	android:windowSoftInputMode
		ADDED from src/main/AndroidManifest.xml:35:13-54
	android:screenOrientation
		ADDED from src/main/AndroidManifest.xml:33:13-49
	android:label
		ADDED from src/main/AndroidManifest.xml:32:13-67
	android:theme
		ADDED from src/main/AndroidManifest.xml:34:13-66
	android:name
		ADDED from src/main/AndroidManifest.xml:31:13-89
activity#io.particle.android.sdk.devicesetup.ui.SelectNetworkActivity
ADDED from src/main/AndroidManifest.xml:36:9-41:57
	android:windowSoftInputMode
		ADDED from src/main/AndroidManifest.xml:41:13-54
	android:screenOrientation
		ADDED from src/main/AndroidManifest.xml:39:13-49
	android:label
		ADDED from src/main/AndroidManifest.xml:38:13-66
	android:theme
		ADDED from src/main/AndroidManifest.xml:40:13-66
	android:name
		ADDED from src/main/AndroidManifest.xml:37:13-88
activity#io.particle.android.sdk.devicesetup.ui.PasswordEntryActivity
ADDED from src/main/AndroidManifest.xml:42:9-47:71
	android:windowSoftInputMode
		ADDED from src/main/AndroidManifest.xml:47:13-68
	android:screenOrientation
		ADDED from src/main/AndroidManifest.xml:45:13-49
	android:label
		ADDED from src/main/AndroidManifest.xml:44:13-66
	android:theme
		ADDED from src/main/AndroidManifest.xml:46:13-66
	android:name
		ADDED from src/main/AndroidManifest.xml:43:13-88
activity#io.particle.android.sdk.devicesetup.ui.ConnectingActivity
ADDED from src/main/AndroidManifest.xml:48:9-53:57
	android:windowSoftInputMode
		ADDED from src/main/AndroidManifest.xml:53:13-54
	android:screenOrientation
		ADDED from src/main/AndroidManifest.xml:51:13-49
	android:label
		ADDED from src/main/AndroidManifest.xml:50:13-62
	android:theme
		ADDED from src/main/AndroidManifest.xml:52:13-66
	android:name
		ADDED from src/main/AndroidManifest.xml:49:13-85
activity#io.particle.android.sdk.devicesetup.ui.SuccessActivity
ADDED from src/main/AndroidManifest.xml:54:9-59:57
	android:windowSoftInputMode
		ADDED from src/main/AndroidManifest.xml:59:13-54
	android:screenOrientation
		ADDED from src/main/AndroidManifest.xml:57:13-49
	android:label
		ADDED from src/main/AndroidManifest.xml:56:13-59
	android:theme
		ADDED from src/main/AndroidManifest.xml:58:13-66
	android:name
		ADDED from src/main/AndroidManifest.xml:55:13-82
activity#io.particle.android.sdk.utils.ui.WebViewActivity
ADDED from src/main/AndroidManifest.xml:60:9-64:69
	android:screenOrientation
		ADDED from src/main/AndroidManifest.xml:63:13-49
	android:label
		ADDED from src/main/AndroidManifest.xml:62:13-60
	android:theme
		ADDED from src/main/AndroidManifest.xml:64:13-66
	android:name
		ADDED from src/main/AndroidManifest.xml:61:13-76
activity#io.particle.android.sdk.devicesetup.ui.GetReadyActivity
ADDED from src/main/AndroidManifest.xml:65:9-69:69
	android:screenOrientation
		ADDED from src/main/AndroidManifest.xml:68:13-49
	android:label
		ADDED from src/main/AndroidManifest.xml:67:13-61
	android:theme
		ADDED from src/main/AndroidManifest.xml:69:13-66
	android:name
		ADDED from src/main/AndroidManifest.xml:66:13-83
activity#io.particle.android.sdk.devicesetup.ui.ManualNetworkEntryActivity
ADDED from src/main/AndroidManifest.xml:70:9-75:71
	android:windowSoftInputMode
		ADDED from src/main/AndroidManifest.xml:75:13-68
	android:screenOrientation
		ADDED from src/main/AndroidManifest.xml:73:13-49
	android:label
		ADDED from src/main/AndroidManifest.xml:72:13-72
	android:theme
		ADDED from src/main/AndroidManifest.xml:74:13-66
	android:name
		ADDED from src/main/AndroidManifest.xml:71:13-93
activity#io.particle.android.sdk.accountsetup.CreateAccountActivity
ADDED from src/main/AndroidManifest.xml:76:9-81:70
	android:windowSoftInputMode
		ADDED from src/main/AndroidManifest.xml:81:13-67
	android:screenOrientation
		ADDED from src/main/AndroidManifest.xml:79:13-49
	android:label
		ADDED from src/main/AndroidManifest.xml:78:13-66
	android:theme
		ADDED from src/main/AndroidManifest.xml:80:13-66
	android:name
		ADDED from src/main/AndroidManifest.xml:77:13-86
activity#io.particle.android.sdk.accountsetup.LoginActivity
ADDED from src/main/AndroidManifest.xml:82:9-87:70
	android:windowSoftInputMode
		ADDED from src/main/AndroidManifest.xml:87:13-67
	android:screenOrientation
		ADDED from src/main/AndroidManifest.xml:85:13-49
	android:label
		ADDED from src/main/AndroidManifest.xml:84:13-57
	android:theme
		ADDED from src/main/AndroidManifest.xml:86:13-66
	android:name
		ADDED from src/main/AndroidManifest.xml:83:13-78
activity#io.particle.android.sdk.accountsetup.PasswordResetActivity
ADDED from src/main/AndroidManifest.xml:88:9-93:71
	android:windowSoftInputMode
		ADDED from src/main/AndroidManifest.xml:93:13-68
	android:screenOrientation
		ADDED from src/main/AndroidManifest.xml:91:13-49
	android:label
		ADDED from src/main/AndroidManifest.xml:90:13-66
	android:theme
		ADDED from src/main/AndroidManifest.xml:92:13-66
	android:name
		ADDED from src/main/AndroidManifest.xml:89:13-86
service#gateway.BLEService
ADDED from src/main/AndroidManifest.xml:96:9-97:19
	android:name
		ADDED from src/main/AndroidManifest.xml:96:18-51
uses-sdk
INJECTED from src/main/AndroidManifest.xml reason: use-sdk injection requested
MERGED from [com.android.support:appcompat-v7:23.1.1] AndroidManifest.xml:20:5-43
MERGED from [com.android.support:support-v4:23.1.1] AndroidManifest.xml:20:5-43
MERGED from [com.android.support:design:23.1.1] AndroidManifest.xml:20:5-43
MERGED from [com.android.support:appcompat-v7:23.1.1] AndroidManifest.xml:20:5-43
MERGED from [com.android.support:support-v4:23.1.1] AndroidManifest.xml:20:5-43
MERGED from [com.android.support:recyclerview-v7:23.1.1] AndroidManifest.xml:20:5-43
MERGED from [com.android.support:support-v4:23.1.1] AndroidManifest.xml:20:5-43
MERGED from [com.android.support:support-v4:23.1.1] AndroidManifest.xml:20:5-43
MERGED from [io.particle:cloudsdk:0.3.4] AndroidManifest.xml:7:5-9:41
MERGED from [com.android.support:support-v4:23.1.1] AndroidManifest.xml:20:5-43
MERGED from [net.danlew:android.joda:2.9.0] AndroidManifest.xml:6:5-43
MERGED from [io.particle:devicesetup:0.3.4] AndroidManifest.xml:7:5-9:41
MERGED from [uk.co.chrisjenx:calligraphy:2.1.0] AndroidManifest.xml:7:5-9:41
MERGED from [com.android.support:appcompat-v7:23.1.1] AndroidManifest.xml:20:5-43
MERGED from [com.android.support:support-v4:23.1.1] AndroidManifest.xml:20:5-43
MERGED from [com.android.support:appcompat-v7:23.1.1] AndroidManifest.xml:20:5-43
MERGED from [com.android.support:support-v4:23.1.1] AndroidManifest.xml:20:5-43
MERGED from [com.android.support:support-v4:23.1.1] AndroidManifest.xml:20:5-43
MERGED from [com.android.support:recyclerview-v7:23.1.1] AndroidManifest.xml:20:5-43
MERGED from [com.android.support:support-v4:23.1.1] AndroidManifest.xml:20:5-43
MERGED from [io.particle:cloudsdk:0.3.4] AndroidManifest.xml:7:5-9:41
MERGED from [com.android.support:support-v4:23.1.1] AndroidManifest.xml:20:5-43
MERGED from [net.danlew:android.joda:2.9.0] AndroidManifest.xml:6:5-43
	android:targetSdkVersion
		INJECTED from src/main/AndroidManifest.xml
		INJECTED from src/main/AndroidManifest.xml
	android:minSdkVersion
		INJECTED from src/main/AndroidManifest.xml
		INJECTED from src/main/AndroidManifest.xml
uses-permission#android.permission.ACCESS_WIFI_STATE
ADDED from [io.particle:devicesetup:0.3.4] AndroidManifest.xml:12:5-76
	android:name
		ADDED from [io.particle:devicesetup:0.3.4] AndroidManifest.xml:12:22-73
uses-permission#android.permission.ACCESS_NETWORK_STATE
ADDED from [io.particle:devicesetup:0.3.4] AndroidManifest.xml:13:5-79
	android:name
		ADDED from [io.particle:devicesetup:0.3.4] AndroidManifest.xml:13:22-76
uses-permission#android.permission.CHANGE_WIFI_STATE
ADDED from [io.particle:devicesetup:0.3.4] AndroidManifest.xml:14:5-76
	android:name
		ADDED from [io.particle:devicesetup:0.3.4] AndroidManifest.xml:14:22-73
uses-permission#android.permission.ACCESS_COARSE_LOCATION
ADDED from [io.particle:devicesetup:0.3.4] AndroidManifest.xml:19:5-81
	android:name
		ADDED from [io.particle:devicesetup:0.3.4] AndroidManifest.xml:19:22-78